<?xml version="1.0" encoding="UTF-8"?>
<!-- Generated by org.testng.reporters.JUnitReportReporter -->
<testsuite hostname="Juno.local" failures="0" tests="2" name="UITest_YourStore._01_FunctiontestSteps" time="9.686" errors="0" timestamp="26 Jul 2023 20:08:14 GMT" skipped="0">
  <testcase classname="UITest_YourStore._01_FunctiontestSteps" name="Test1_searchFunctionalityCheck" time="0.728"/>
  <testcase classname="UITest_YourStore._01_FunctiontestSteps" name="Test2_checkoutFunctionalityCheck" time="8.958"/>
</testsuite> <!-- UITest_YourStore._01_FunctiontestSteps -->
